<?xml version="1.0" encoding="UTF-8"?>
<!-- Generated by org.testng.reporters.JUnitReportReporter -->
<testsuite skipped="0" hostname="DESKTOP-QR52NJ9" name="com.amazon.testcase.Testcase" tests="3" failures="0" timestamp="04 May 2021 09:21:08 GMT" time="25.413" errors="0">
  <testcase name="getItems" time="6.715" classname="com.amazon.testcase.Testcase"/>
  <testcase name="getItems" time="11.885" classname="com.amazon.testcase.Testcase"/>
  <testcase name="getItems" time="6.813" classname="com.amazon.testcase.Testcase"/>
</testsuite> <!-- com.amazon.testcase.Testcase -->
